<?xml version="1.0" encoding="UTF-8"?>
<!-- Generated by org.testng.reporters.JUnitXMLReporter -->
<testsuite hostname="197NODNB16978" name="GlobaComSuite" tests="1" failures="0" timestamp="15 Nov 2016 12:45:20 GMT" time="0.416" errors="0">
  <testcase name="@AfterMethod tearDown" time="0.0" classname="globaCom.suite.DriverScript">
    <failure type="java.lang.NullPointerException">
      <![CDATA[java.lang.NullPointerException
	at globaCom.suite.DriverScript.tearDown(DriverScript.java:42)
... Removed 27 stack frames]]>
    </failure>
  </testcase> <!-- @AfterMethod tearDown -->
  <testcase name="TestScript" time="0.37" classname="globaCom.suite.DriverScript"/>
</testsuite> <!-- GlobaComSuite -->
